<?xml version="1.0" encoding="UTF-8"?>
<!-- Generated by org.testng.reporters.JUnitXMLReporter -->
<testsuite ignored="3" hostname="DESKTOP-6TR1C2V" failures="1" tests="5" name="Check Demo" time="110.803" errors="0" timestamp="2025-07-13T16:11:43 IST">
  <testcase classname="skyselect_Maven.skyselect_Maven.BaseTest_Buyer" name="login" time="3.859"/>
  <testcase classname="skyselect_Maven.skyselect_Maven.Buyer_RFQ_check" name="tab_req_detail" time="10.971"/>
  <testcase classname="skyselect_Maven.skyselect_Maven.Buyer_RFQ_check" name="quote_verify" time="7.587"/>
  <testcase classname="skyselect_Maven.skyselect_Maven.Buyer_Awarding" name="Awarding_rfq" time="64.932">
    <failure type="org.openqa.selenium.TimeoutException" message="Expected condition failed: waiting for visibility of element located by By.xpath: //span[contains(text(),&amp;apos;Award selected quotes&amp;apos;)] (tried for 60 second(s) with 500 milliseconds interval)
Build info: version: &amp;apos;4.16.1&amp;apos;, revision: &amp;apos;9b4c83354e&amp;apos;
System info: os.name: &amp;apos;Windows 11&amp;apos;, os.arch: &amp;apos;amd64&amp;apos;, os.version: &amp;apos;10.0&amp;apos;, java.version: &amp;apos;21&amp;apos;
Driver info: org.openqa.selenium.chrome.ChromeDriver
Capabilities {acceptInsecureCerts: false, browserName: chrome, browserVersion: 138.0.7204.101, chrome: {chromedriverVersion: 138.0.7204.94 (545025748884..., userDataDir: C:\Users\RAVI-S~1\AppData\L...}, fedcm:accounts: true, goog:chromeOptions: {debuggerAddress: localhost:59015}, networkConnectionEnabled: false, pageLoadStrategy: normal, platformName: windows, proxy: Proxy(), se:cdp: ws://localhost:59015/devtoo..., se:cdpVersion: 138.0.7204.101, setWindowRect: true, strictFileInteractability: false, timeouts: {implicit: 0, pageLoad: 300000, script: 30000}, unhandledPromptBehavior: dismiss and notify, webauthn:extension:credBlob: true, webauthn:extension:largeBlob: true, webauthn:extension:minPinLength: true, webauthn:extension:prf: true, webauthn:virtualAuthenticators: true}
Session ID: 97fbd3e7dda16023772039e03ec58053">
      <![CDATA[org.openqa.selenium.TimeoutException: Expected condition failed: waiting for visibility of element located by By.xpath: //span[contains(text(),'Award selected quotes')] (tried for 60 second(s) with 500 milliseconds interval)
Build info: version: '4.16.1', revision: '9b4c83354e'
System info: os.name: 'Windows 11', os.arch: 'amd64', os.version: '10.0', java.version: '21'
Driver info: org.openqa.selenium.chrome.ChromeDriver
Capabilities {acceptInsecureCerts: false, browserName: chrome, browserVersion: 138.0.7204.101, chrome: {chromedriverVersion: 138.0.7204.94 (545025748884..., userDataDir: C:\Users\RAVI-S~1\AppData\L...}, fedcm:accounts: true, goog:chromeOptions: {debuggerAddress: localhost:59015}, networkConnectionEnabled: false, pageLoadStrategy: normal, platformName: windows, proxy: Proxy(), se:cdp: ws://localhost:59015/devtoo..., se:cdpVersion: 138.0.7204.101, setWindowRect: true, strictFileInteractability: false, timeouts: {implicit: 0, pageLoad: 300000, script: 30000}, unhandledPromptBehavior: dismiss and notify, webauthn:extension:credBlob: true, webauthn:extension:largeBlob: true, webauthn:extension:minPinLength: true, webauthn:extension:prf: true, webauthn:virtualAuthenticators: true}
Session ID: 97fbd3e7dda16023772039e03ec58053
at org.openqa.selenium.support.ui.WebDriverWait.timeoutException(WebDriverWait.java:84)
at org.openqa.selenium.support.ui.FluentWait.until(FluentWait.java:229)
at skyselect_Maven.skyselect_Maven.Buyer_Awarding.Awarding_rfq(Buyer_Awarding.java:50)
at java.base/java.util.ArrayList.forEach(ArrayList.java:1596)
... Removed 25 stack frames]]>
    </failure>
  </testcase> <!-- Awarding_rfq -->
  <testcase classname="skyselect_Maven.skyselect_Maven.BaseTest_Buyer" name="login" time="4.581"/>
  <testcase classname="skyselect_Maven.skyselect_Maven.Buyer_Awarding" name="Awarding_dashboard" time="0.0">
    <ignored/>
  </testcase> <!-- Awarding_dashboard -->
  <testcase classname="skyselect_Maven.skyselect_Maven.BaseTest_Buyer" name="secondtest" time="0.0">
    <ignored/>
  </testcase> <!-- secondtest -->
  <testcase classname="skyselect_Maven.skyselect_Maven.BaseTest_Buyer" name="secondtest" time="0.0">
    <ignored/>
  </testcase> <!-- secondtest -->
</testsuite> <!-- Check Demo -->
