<html>
<head>
<title>TestNG:  Check Demo</title>
<link href="../testng.css" rel="stylesheet" type="text/css" />
<link href="../my-testng.css" rel="stylesheet" type="text/css" />

<style type="text/css">
.log { display: none;} 
.stack-trace { display: none;} 
</style>
<script type="text/javascript">
<!--
function flip(e) {
  current = e.style.display;
  if (current == 'block') {
    e.style.display = 'none';
    return 0;
  }
  else {
    e.style.display = 'block';
    return 1;
  }
}

function toggleBox(szDivId, elem, msg1, msg2)
{
  var res = -1;  if (document.getElementById) {
    res = flip(document.getElementById(szDivId));
  }
  else if (document.all) {
    // this is the way old msie versions work
    res = flip(document.all[szDivId]);
  }
  if(elem) {
    if(res == 0) elem.innerHTML = msg1; else elem.innerHTML = msg2;
  }

}

function toggleAllBoxes() {
  if (document.getElementsByTagName) {
    d = document.getElementsByTagName('div');
    for (i = 0; i < d.length; i++) {
      if (d[i].className == 'log') {
        flip(d[i]);
      }
    }
  }
}

// -->
</script>

</head>
<body>
<h2 align='center'>Check Demo</h2><table border='1' align="center">
<tr>
<td>Tests passed/Failed/Skipped:</td><td>4/1/0</td>
</tr><tr>
<td>Started on:</td><td>Sun Jul 13 16:09:52 IST 2025</td>
</tr>
<tr><td>Total time:</td><td>110 seconds (110803 ms)</td>
</tr><tr>
<td>Included groups:</td><td></td>
</tr><tr>
<td>Excluded groups:</td><td></td>
</tr>
</table><p/>
<small><i>(Hover the method name to see the test class name)</i></small><p/>
<table width='100%' border='1' class='invocation-failed'>
<tr><td colspan='4' align='center'><b>FAILED TESTS</b></td></tr>
<tr><td><b>Test method</b></td>
<td><b>Attribute(s)</b></td>
<td width="30%"><b>Exception</b></td>
<td width="10%"><b>Time (seconds)</b></td>
<td><b>Instance</b></td>
</tr>
<tr>
<td title='skyselect_Maven.skyselect_Maven.Buyer_Awarding.Awarding_rfq()'><b>Awarding_rfq</b><br>Test class: skyselect_Maven.skyselect_Maven.Buyer_Awarding<br/>
<a href="#Output-816918962" onClick='toggleBox("Output-816918962", this, "Show output", "Hide output");'>Show output</a>

<a href="#Output-816918962" onClick="toggleAllBoxes();">Show all outputs</a>
<div class='log' id="Output-816918962">
Tender Opened<br/>
</div>
</td>
<td><div><pre>org.openqa.selenium.TimeoutException: Expected condition failed: waiting for visibility of element located by By.xpath: //span[contains(text(),&apos;Award selected quotes&apos;)] (tried for 60 second(s) with 500 milliseconds interval)
Build info: version: &apos;4.16.1&apos;, revision: &apos;9b4c83354e&apos;
System info: os.name: &apos;Windows 11&apos;, os.arch: &apos;amd64&apos;, os.version: &apos;10.0&apos;, java.version: &apos;21&apos;
Driver info: org.openqa.selenium.chrome.ChromeDriver
Capabilities {acceptInsecureCerts: false, browserName: chrome, browserVersion: 138.0.7204.101, chrome: {chromedriverVersion: 138.0.7204.94 (545025748884..., userDataDir: C:\Users\RAVI-S~1\AppData\L...}, fedcm:accounts: true, goog:chromeOptions: {debuggerAddress: localhost:59015}, networkConnectionEnabled: false, pageLoadStrategy: normal, platformName: windows, proxy: Proxy(), se:cdp: ws://localhost:59015/devtoo..., se:cdpVersion: 138.0.7204.101, setWindowRect: true, strictFileInteractability: false, timeouts: {implicit: 0, pageLoad: 300000, script: 30000}, unhandledPromptBehavior: dismiss and notify, webauthn:extension:credBlob: true, webauthn:extension:largeBlob: true, webauthn:extension:minPinLength: true, webauthn:extension:prf: true, webauthn:virtualAuthenticators: true}
Session ID: 97fbd3e7dda16023772039e03ec58053
	at org.openqa.selenium.support.ui.WebDriverWait.timeoutException(WebDriverWait.java:84)
	at org.openqa.selenium.support.ui.FluentWait.until(FluentWait.java:229)
	at skyselect_Maven.skyselect_Maven.Buyer_Awarding.Awarding_rfq(Buyer_Awarding.java:50)
	at java.base/java.util.ArrayList.forEach(ArrayList.java:1596)
... Removed 25 stack frames</pre></div><a href='#' onClick='toggleBox("stack-trace816918962", this, "Click to show all stack frames", "Click to hide stack frames")'>Click to show all stack frames</a>
<div class='stack-trace' id='stack-trace816918962'><pre>org.openqa.selenium.TimeoutException: Expected condition failed: waiting for visibility of element located by By.xpath: //span[contains(text(),&apos;Award selected quotes&apos;)] (tried for 60 second(s) with 500 milliseconds interval)
Build info: version: &apos;4.16.1&apos;, revision: &apos;9b4c83354e&apos;
System info: os.name: &apos;Windows 11&apos;, os.arch: &apos;amd64&apos;, os.version: &apos;10.0&apos;, java.version: &apos;21&apos;
Driver info: org.openqa.selenium.chrome.ChromeDriver
Capabilities {acceptInsecureCerts: false, browserName: chrome, browserVersion: 138.0.7204.101, chrome: {chromedriverVersion: 138.0.7204.94 (545025748884..., userDataDir: C:\Users\RAVI-S~1\AppData\L...}, fedcm:accounts: true, goog:chromeOptions: {debuggerAddress: localhost:59015}, networkConnectionEnabled: false, pageLoadStrategy: normal, platformName: windows, proxy: Proxy(), se:cdp: ws://localhost:59015/devtoo..., se:cdpVersion: 138.0.7204.101, setWindowRect: true, strictFileInteractability: false, timeouts: {implicit: 0, pageLoad: 300000, script: 30000}, unhandledPromptBehavior: dismiss and notify, webauthn:extension:credBlob: true, webauthn:extension:largeBlob: true, webauthn:extension:minPinLength: true, webauthn:extension:prf: true, webauthn:virtualAuthenticators: true}
Session ID: 97fbd3e7dda16023772039e03ec58053
	at org.openqa.selenium.support.ui.WebDriverWait.timeoutException(WebDriverWait.java:84)
	at org.openqa.selenium.support.ui.FluentWait.until(FluentWait.java:229)
	at skyselect_Maven.skyselect_Maven.Buyer_Awarding.Awarding_rfq(Buyer_Awarding.java:50)
	at java.base/jdk.internal.reflect.DirectMethodHandleAccessor.invoke(DirectMethodHandleAccessor.java:103)
	at java.base/java.lang.reflect.Method.invoke(Method.java:580)
	at org.testng.internal.invokers.MethodInvocationHelper.invokeMethod(MethodInvocationHelper.java:139)
	at org.testng.internal.invokers.TestInvoker.invokeMethod(TestInvoker.java:664)
	at org.testng.internal.invokers.TestInvoker.invokeTestMethod(TestInvoker.java:227)
	at org.testng.internal.invokers.MethodRunner.runInSequence(MethodRunner.java:50)
	at org.testng.internal.invokers.TestInvoker$MethodInvocationAgent.invoke(TestInvoker.java:957)
	at org.testng.internal.invokers.TestInvoker.invokeTestMethods(TestInvoker.java:200)
	at org.testng.internal.invokers.TestMethodWorker.invokeTestMethods(TestMethodWorker.java:148)
	at org.testng.internal.invokers.TestMethodWorker.run(TestMethodWorker.java:128)
	at java.base/java.util.ArrayList.forEach(ArrayList.java:1596)
	at org.testng.TestRunner.privateRun(TestRunner.java:848)
	at org.testng.TestRunner.run(TestRunner.java:621)
	at org.testng.SuiteRunner.runTest(SuiteRunner.java:443)
	at org.testng.SuiteRunner.runSequentially(SuiteRunner.java:437)
	at org.testng.SuiteRunner.privateRun(SuiteRunner.java:397)
	at org.testng.SuiteRunner.run(SuiteRunner.java:336)
	at org.testng.SuiteRunnerWorker.runSuite(SuiteRunnerWorker.java:52)
	at org.testng.SuiteRunnerWorker.run(SuiteRunnerWorker.java:95)
	at org.testng.TestNG.runSuitesSequentially(TestNG.java:1280)
	at org.testng.TestNG.runSuitesLocally(TestNG.java:1200)
	at org.testng.TestNG.runSuites(TestNG.java:1114)
	at org.testng.TestNG.run(TestNG.java:1082)
	at org.testng.remote.AbstractRemoteTestNG.run(AbstractRemoteTestNG.java:115)
	at org.testng.remote.RemoteTestNG.initAndRun(RemoteTestNG.java:251)
	at org.testng.remote.RemoteTestNG.main(RemoteTestNG.java:77)
</pre></div></td>
<td>64</td>
<td>skyselect_Maven.skyselect_Maven.Buyer_Awarding@3bd82cf5</td></tr>
</table><p>
<table width='100%' border='1' class='invocation-passed'>
<tr><td colspan='4' align='center'><b>PASSED TESTS</b></td></tr>
<tr><td><b>Test method</b></td>
<td><b>Attribute(s)</b></td>
<td width="30%"><b>Exception</b></td>
<td width="10%"><b>Time (seconds)</b></td>
<td><b>Instance</b></td>
</tr>
<tr>
<td title='skyselect_Maven.skyselect_Maven.Buyer_Awarding.login()'><b>login</b><br>Test class: skyselect_Maven.skyselect_Maven.Buyer_Awarding<br>Parameters: sales@airindia.com, Test@123</td>
<td></td>
<td>4</td>
<td>skyselect_Maven.skyselect_Maven.Buyer_Awarding@3bd82cf5</td></tr>
<tr>
<td title='skyselect_Maven.skyselect_Maven.Buyer_RFQ_check.quote_verify()'><b>quote_verify</b><br>Test class: skyselect_Maven.skyselect_Maven.Buyer_RFQ_check<br/>
<a href="#Output-974606690" onClick='toggleBox("Output-974606690", this, "Show output", "Hide output");'>Show output</a>

<a href="#Output-974606690" onClick="toggleAllBoxes();">Show all outputs</a>
<div class='log' id="Output-974606690">
PNs Are  Visible<br/>
Quote row Clicked<br/>
Quote is Clicked<br/>
Quote is from: BEST PART
[ABCD]| Quote Type :This quote is from an exclusive contract catalog<br/>
Quote is Clicked<br/>
Quote is from: PROPONENT| Quote Type :This quote is from an exclusive contract catalog<br/>
Quote is Clicked<br/>
Quote is from: AIRBUS| Quote Type :This quote is from a price catalog<br/>
Quote is Clicked<br/>
Quote is from: AIRBUS| Quote Type :This quote is from a price catalog<br/>
Quote is Clicked<br/>
Quote is from: AIRBUS| Quote Type :This quote is from a price catalog<br/>
Skyselect  Prefered Quote is Available<br/>
</div>
</td>
<td></td>
<td>7</td>
<td>skyselect_Maven.skyselect_Maven.Buyer_RFQ_check@61322f9d</td></tr>
<tr>
<td title='skyselect_Maven.skyselect_Maven.Buyer_RFQ_check.tab_req_detail()'><b>tab_req_detail</b><br>Test class: skyselect_Maven.skyselect_Maven.Buyer_RFQ_check<br/>
<a href="#Output-2123681939" onClick='toggleBox("Output-2123681939", this, "Show output", "Hide output");'>Show output</a>

<a href="#Output-2123681939" onClick="toggleAllBoxes();">Show all outputs</a>
<div class='log' id="Output-2123681939">
RFQ Dashboard opened<br/>
Tender Opened<br/>
Request Details Open<br/>
RFQ type
Outright purchases<br/>
Priority
Routine<br/>
Buyer
Buyer, Air India<br/>
Team<br/>
Folder
Buyer<br/>
Location
Lennart Meri Tallinn Airport<br/>
Reference number
REF_123<br/>
Published
Jul 8, 2025 23:11<br/>
End time
Jul 9, 2025 23:22<br/>
Original end time
Jul 9, 2025 23:20<br/>
Tail number
TL123<br/>
</div>
</td>
<td></td>
<td>10</td>
<td>skyselect_Maven.skyselect_Maven.Buyer_RFQ_check@61322f9d</td></tr>
<tr>
<td title='skyselect_Maven.skyselect_Maven.Buyer_RFQ_check.login()'><b>login</b><br>Test class: skyselect_Maven.skyselect_Maven.Buyer_RFQ_check<br>Parameters: sales@airindia.com, Test@123</td>
<td></td>
<td>3</td>
<td>skyselect_Maven.skyselect_Maven.Buyer_RFQ_check@61322f9d</td></tr>
</table><p>
</body>
</html>