<?xml version="1.0" encoding="UTF-8"?>
<!-- Generated by org.testng.reporters.JUnitReportReporter -->
<testsuite hostname="DESKTOP-6TR1C2V" failures="0" tests="4" name="skyselect_Maven.skyselect_Maven.Buyer_trial" time="56.681" errors="1" timestamp="2025-07-11T12:40:51 IST" skipped="0">
  <testcase classname="skyselect_Maven.skyselect_Maven.Buyer_trial" name="Awarding_rfq" time="11.133">
    <error message="no such element: Unable to locate element: {&quot;method&quot;:&quot;xpath&quot;,&quot;selector&quot;:&quot;//span[contains(text(),&#039;Award selected quotes&#039;)]&quot;}
  (Session info: chrome=138.0.7204.101)
For documentation on this error, please visit: https://www.selenium.dev/documentation/webdriver/troubleshooting/errors#no-such-element-exception
Build info: version: &#039;4.16.1&#039;, revision: &#039;9b4c83354e&#039;
System info: os.name: &#039;Windows 11&#039;, os.arch: &#039;amd64&#039;, os.version: &#039;10.0&#039;, java.version: &#039;21&#039;
Driver info: org.openqa.selenium.chrome.ChromeDriver
Command: [4149a40daa8a1a5d58d88117b676ac28, findElement {using=xpath, value=//span[contains(text(),&#039;Award selected quotes&#039;)]}]
Capabilities {acceptInsecureCerts: false, browserName: chrome, browserVersion: 138.0.7204.101, chrome: {chromedriverVersion: 138.0.7204.94 (545025748884..., userDataDir: C:\Users\RAVI-S~1\AppData\L...}, fedcm:accounts: true, goog:chromeOptions: {debuggerAddress: localhost:53928}, networkConnectionEnabled: false, pageLoadStrategy: normal, platformName: windows, proxy: Proxy(), se:cdp: ws://localhost:53928/devtoo..., se:cdpVersion: 138.0.7204.101, setWindowRect: true, strictFileInteractability: false, timeouts: {implicit: 0, pageLoad: 300000, script: 30000}, unhandledPromptBehavior: dismiss and notify, webauthn:extension:credBlob: true, webauthn:extension:largeBlob: true, webauthn:extension:minPinLength: true, webauthn:extension:prf: true, webauthn:virtualAuthenticators: true}
Session ID: 4149a40daa8a1a5d58d88117b676ac28" type="org.openqa.selenium.NoSuchElementException">
      <![CDATA[org.openqa.selenium.NoSuchElementException: no such element: Unable to locate element: {"method":"xpath","selector":"//span[contains(text(),'Award selected quotes')]"}
  (Session info: chrome=138.0.7204.101)
For documentation on this error, please visit: https://www.selenium.dev/documentation/webdriver/troubleshooting/errors#no-such-element-exception
Build info: version: '4.16.1', revision: '9b4c83354e'
System info: os.name: 'Windows 11', os.arch: 'amd64', os.version: '10.0', java.version: '21'
Driver info: org.openqa.selenium.chrome.ChromeDriver
Command: [4149a40daa8a1a5d58d88117b676ac28, findElement {using=xpath, value=//span[contains(text(),'Award selected quotes')]}]
Capabilities {acceptInsecureCerts: false, browserName: chrome, browserVersion: 138.0.7204.101, chrome: {chromedriverVersion: 138.0.7204.94 (545025748884..., userDataDir: C:\Users\RAVI-S~1\AppData\L...}, fedcm:accounts: true, goog:chromeOptions: {debuggerAddress: localhost:53928}, networkConnectionEnabled: false, pageLoadStrategy: normal, platformName: windows, proxy: Proxy(), se:cdp: ws://localhost:53928/devtoo..., se:cdpVersion: 138.0.7204.101, setWindowRect: true, strictFileInteractability: false, timeouts: {implicit: 0, pageLoad: 300000, script: 30000}, unhandledPromptBehavior: dismiss and notify, webauthn:extension:credBlob: true, webauthn:extension:largeBlob: true, webauthn:extension:minPinLength: true, webauthn:extension:prf: true, webauthn:virtualAuthenticators: true}
Session ID: 4149a40daa8a1a5d58d88117b676ac28
at java.base/jdk.internal.reflect.DirectConstructorHandleAccessor.newInstance(DirectConstructorHandleAccessor.java:62)
at java.base/java.lang.reflect.Constructor.newInstanceWithCaller(Constructor.java:502)
at java.base/java.lang.reflect.Constructor.newInstance(Constructor.java:486)
at org.openqa.selenium.remote.codec.w3c.W3CHttpResponseCodec.createException(W3CHttpResponseCodec.java:200)
at org.openqa.selenium.remote.codec.w3c.W3CHttpResponseCodec.decode(W3CHttpResponseCodec.java:133)
at org.openqa.selenium.remote.codec.w3c.W3CHttpResponseCodec.decode(W3CHttpResponseCodec.java:52)
at org.openqa.selenium.remote.HttpCommandExecutor.execute(HttpCommandExecutor.java:191)
at org.openqa.selenium.remote.service.DriverCommandExecutor.invokeExecute(DriverCommandExecutor.java:200)
at org.openqa.selenium.remote.service.DriverCommandExecutor.execute(DriverCommandExecutor.java:175)
at org.openqa.selenium.remote.RemoteWebDriver.execute(RemoteWebDriver.java:523)
at org.openqa.selenium.remote.ElementLocation$ElementFinder$2.findElement(ElementLocation.java:165)
at org.openqa.selenium.remote.ElementLocation.findElement(ElementLocation.java:59)
at org.openqa.selenium.remote.RemoteWebDriver.findElement(RemoteWebDriver.java:360)
at org.openqa.selenium.remote.RemoteWebDriver.findElement(RemoteWebDriver.java:354)
at skyselect_Maven.skyselect_Maven.Buyer_trial.Awarding_rfq(Buyer_trial.java:22)
at java.base/jdk.internal.reflect.DirectMethodHandleAccessor.invoke(DirectMethodHandleAccessor.java:103)
at java.base/java.lang.reflect.Method.invoke(Method.java:580)
at org.testng.internal.invokers.MethodInvocationHelper.invokeMethod(MethodInvocationHelper.java:139)
at org.testng.internal.invokers.TestInvoker.invokeMethod(TestInvoker.java:664)
at org.testng.internal.invokers.TestInvoker.invokeTestMethod(TestInvoker.java:227)
at org.testng.internal.invokers.MethodRunner.runInSequence(MethodRunner.java:50)
at org.testng.internal.invokers.TestInvoker$MethodInvocationAgent.invoke(TestInvoker.java:957)
at org.testng.internal.invokers.TestInvoker.invokeTestMethods(TestInvoker.java:200)
at org.testng.internal.invokers.TestMethodWorker.invokeTestMethods(TestMethodWorker.java:148)
at org.testng.internal.invokers.TestMethodWorker.run(TestMethodWorker.java:128)
at java.base/java.util.ArrayList.forEach(ArrayList.java:1596)
at org.testng.TestRunner.privateRun(TestRunner.java:848)
at org.testng.TestRunner.run(TestRunner.java:621)
at org.testng.SuiteRunner.runTest(SuiteRunner.java:443)
at org.testng.SuiteRunner.runSequentially(SuiteRunner.java:437)
at org.testng.SuiteRunner.privateRun(SuiteRunner.java:397)
at org.testng.SuiteRunner.run(SuiteRunner.java:336)
at org.testng.SuiteRunnerWorker.runSuite(SuiteRunnerWorker.java:52)
at org.testng.SuiteRunnerWorker.run(SuiteRunnerWorker.java:95)
at org.testng.TestNG.runSuitesSequentially(TestNG.java:1280)
at org.testng.TestNG.runSuitesLocally(TestNG.java:1200)
at org.testng.TestNG.runSuites(TestNG.java:1114)
at org.testng.TestNG.run(TestNG.java:1082)
at org.testng.remote.AbstractRemoteTestNG.run(AbstractRemoteTestNG.java:115)
at org.testng.remote.RemoteTestNG.initAndRun(RemoteTestNG.java:251)
at org.testng.remote.RemoteTestNG.main(RemoteTestNG.java:77)
]]>
    </error>
  </testcase> <!-- Awarding_rfq -->
  <testcase classname="skyselect_Maven.skyselect_Maven.Buyer_trial" name="login" time="6.257"/>
  <testcase classname="skyselect_Maven.skyselect_Maven.Buyer_trial" name="tab_req_detail" time="30.425">
    <system-out>
      <![CDATA[RFQ Dashboard opened
Tender Opened
Request Details Open
RFQ type
Outright purchases
Priority
Routine
Buyer
Buyer, Air India
Team
Folder
Buyer
Location
Lennart Meri Tallinn Airport
Reference number
REF_123
Published
Jul 8, 2025 23:11
End time
Jul 9, 2025 23:22
Original end time
Jul 9, 2025 23:20
Tail number
TL123]]>
    </system-out>
  </testcase> <!-- tab_req_detail -->
  <testcase classname="skyselect_Maven.skyselect_Maven.Buyer_trial" name="quote_verify" time="8.866">
    <system-out>
      <![CDATA[PNs Are  Visible
Quote row Clicked
Quote is Clicked
Quote is from: BEST PART
[ABCD]| Quote Type :This quote is from an exclusive contract catalog
Quote is Clicked
Quote is from: PROPONENT| Quote Type :This quote is from an exclusive contract catalog
Quote is Clicked
Quote is from: AIRBUS| Quote Type :This quote is from a price catalog
Quote is Clicked
Quote is from: AIRBUS| Quote Type :This quote is from a price catalog
Quote is Clicked
Quote is from: AIRBUS| Quote Type :This quote is from a price catalog
Skyselect  Prefered Quote is Available]]>
    </system-out>
  </testcase> <!-- quote_verify -->
  <system-out>
    <![CDATA[RFQ Dashboard opened
Tender Opened
Request Details Open
RFQ type
Outright purchases
Priority
Routine
Buyer
Buyer, Air India
Team
Folder
Buyer
Location
Lennart Meri Tallinn Airport
Reference number
REF_123
Published
Jul 8, 2025 23:11
End time
Jul 9, 2025 23:22
Original end time
Jul 9, 2025 23:20
Tail number
TL123
PNs Are  Visible
Quote row Clicked
Quote is Clicked
Quote is from: BEST PART
[ABCD]| Quote Type :This quote is from an exclusive contract catalog
Quote is Clicked
Quote is from: PROPONENT| Quote Type :This quote is from an exclusive contract catalog
Quote is Clicked
Quote is from: AIRBUS| Quote Type :This quote is from a price catalog
Quote is Clicked
Quote is from: AIRBUS| Quote Type :This quote is from a price catalog
Quote is Clicked
Quote is from: AIRBUS| Quote Type :This quote is from a price catalog
Skyselect  Prefered Quote is Available
Tender Opened
RFQ Dashboard opened
Tender Opened
Request Details Open
RFQ type
Outright purchases
Priority
Routine
Buyer
Buyer, Air India
Team
Folder
Buyer
Location
Lennart Meri Tallinn Airport
Reference number
REF_123
Published
Jul 8, 2025 23:11
End time
Jul 9, 2025 23:22
Original end time
Jul 9, 2025 23:20
Tail number
TL123
PNs Are  Visible
Quote row Clicked
Quote is Clicked
Quote is from: BEST PART
[ABCD]| Quote Type :This quote is from an exclusive contract catalog
Quote is Clicked
Quote is from: PROPONENT| Quote Type :This quote is from an exclusive contract catalog
Quote is Clicked
Quote is from: AIRBUS| Quote Type :This quote is from a price catalog
Quote is Clicked
Quote is from: AIRBUS| Quote Type :This quote is from a price catalog
Quote is Clicked
Quote is from: AIRBUS| Quote Type :This quote is from a price catalog
Skyselect  Prefered Quote is Available]]>
  </system-out>
</testsuite> <!-- skyselect_Maven.skyselect_Maven.Buyer_trial -->
