<?xml version="1.0" encoding="UTF-8"?>
<!-- Generated by org.testng.reporters.JUnitReportReporter -->
<testsuite hostname="DESKTOP-6TR1C2V" failures="0" tests="7" name="skyselect_Maven.skyselect_Maven.Buyer_Order_create" time="37.431" errors="1" timestamp="2025-07-16T19:48:00 IST" skipped="4">
  <testcase classname="skyselect_Maven.skyselect_Maven.Buyer_Order_create" name="login" time="11.303">
    <error message="no such element: Unable to locate element: {&quot;method&quot;:&quot;xpath&quot;,&quot;selector&quot;:&quot;//input[@placeholder=&#039;Email&#039;]&quot;}
  (Session info: chrome=138.0.7204.101)
For documentation on this error, please visit: https://www.selenium.dev/documentation/webdriver/troubleshooting/errors#no-such-element-exception
Build info: version: &#039;4.16.1&#039;, revision: &#039;9b4c83354e&#039;
System info: os.name: &#039;Windows 11&#039;, os.arch: &#039;amd64&#039;, os.version: &#039;10.0&#039;, java.version: &#039;21&#039;
Driver info: org.openqa.selenium.chrome.ChromeDriver
Command: [f2b3c99fb5cc8561e4f4ca41f56f7134, findElement {using=xpath, value=//input[@placeholder=&#039;Email&#039;]}]
Capabilities {acceptInsecureCerts: false, browserName: chrome, browserVersion: 138.0.7204.101, chrome: {chromedriverVersion: 138.0.7204.157 (e533e98b126..., userDataDir: C:\Users\RAVI-S~1\AppData\L...}, fedcm:accounts: true, goog:chromeOptions: {debuggerAddress: localhost:56950}, networkConnectionEnabled: false, pageLoadStrategy: normal, platformName: windows, proxy: Proxy(), se:cdp: ws://localhost:56950/devtoo..., se:cdpVersion: 138.0.7204.101, setWindowRect: true, strictFileInteractability: false, timeouts: {implicit: 0, pageLoad: 300000, script: 30000}, unhandledPromptBehavior: dismiss and notify, webauthn:extension:credBlob: true, webauthn:extension:largeBlob: true, webauthn:extension:minPinLength: true, webauthn:extension:prf: true, webauthn:virtualAuthenticators: true}
Session ID: f2b3c99fb5cc8561e4f4ca41f56f7134" type="org.openqa.selenium.NoSuchElementException">
      <![CDATA[org.openqa.selenium.NoSuchElementException: no such element: Unable to locate element: {"method":"xpath","selector":"//input[@placeholder='Email']"}
  (Session info: chrome=138.0.7204.101)
For documentation on this error, please visit: https://www.selenium.dev/documentation/webdriver/troubleshooting/errors#no-such-element-exception
Build info: version: '4.16.1', revision: '9b4c83354e'
System info: os.name: 'Windows 11', os.arch: 'amd64', os.version: '10.0', java.version: '21'
Driver info: org.openqa.selenium.chrome.ChromeDriver
Command: [f2b3c99fb5cc8561e4f4ca41f56f7134, findElement {using=xpath, value=//input[@placeholder='Email']}]
Capabilities {acceptInsecureCerts: false, browserName: chrome, browserVersion: 138.0.7204.101, chrome: {chromedriverVersion: 138.0.7204.157 (e533e98b126..., userDataDir: C:\Users\RAVI-S~1\AppData\L...}, fedcm:accounts: true, goog:chromeOptions: {debuggerAddress: localhost:56950}, networkConnectionEnabled: false, pageLoadStrategy: normal, platformName: windows, proxy: Proxy(), se:cdp: ws://localhost:56950/devtoo..., se:cdpVersion: 138.0.7204.101, setWindowRect: true, strictFileInteractability: false, timeouts: {implicit: 0, pageLoad: 300000, script: 30000}, unhandledPromptBehavior: dismiss and notify, webauthn:extension:credBlob: true, webauthn:extension:largeBlob: true, webauthn:extension:minPinLength: true, webauthn:extension:prf: true, webauthn:virtualAuthenticators: true}
Session ID: f2b3c99fb5cc8561e4f4ca41f56f7134
at java.base/jdk.internal.reflect.DirectConstructorHandleAccessor.newInstance(DirectConstructorHandleAccessor.java:62)
at java.base/java.lang.reflect.Constructor.newInstanceWithCaller(Constructor.java:502)
at java.base/java.lang.reflect.Constructor.newInstance(Constructor.java:486)
at org.openqa.selenium.remote.codec.w3c.W3CHttpResponseCodec.createException(W3CHttpResponseCodec.java:200)
at org.openqa.selenium.remote.codec.w3c.W3CHttpResponseCodec.decode(W3CHttpResponseCodec.java:133)
at org.openqa.selenium.remote.codec.w3c.W3CHttpResponseCodec.decode(W3CHttpResponseCodec.java:52)
at org.openqa.selenium.remote.HttpCommandExecutor.execute(HttpCommandExecutor.java:191)
at org.openqa.selenium.remote.service.DriverCommandExecutor.invokeExecute(DriverCommandExecutor.java:200)
at org.openqa.selenium.remote.service.DriverCommandExecutor.execute(DriverCommandExecutor.java:175)
at org.openqa.selenium.remote.RemoteWebDriver.execute(RemoteWebDriver.java:523)
at org.openqa.selenium.remote.ElementLocation$ElementFinder$2.findElement(ElementLocation.java:165)
at org.openqa.selenium.remote.ElementLocation.findElement(ElementLocation.java:59)
at org.openqa.selenium.remote.RemoteWebDriver.findElement(RemoteWebDriver.java:360)
at org.openqa.selenium.remote.RemoteWebDriver.findElement(RemoteWebDriver.java:354)
at skyselect_Maven.skyselect_Maven.BaseTest_Buyer.login(BaseTest_Buyer.java:61)
at java.base/jdk.internal.reflect.DirectMethodHandleAccessor.invoke(DirectMethodHandleAccessor.java:103)
at java.base/java.lang.reflect.Method.invoke(Method.java:580)
at org.testng.internal.invokers.MethodInvocationHelper.invokeMethod(MethodInvocationHelper.java:139)
at org.testng.internal.invokers.TestInvoker.invokeMethod(TestInvoker.java:664)
at org.testng.internal.invokers.TestInvoker.invokeTestMethod(TestInvoker.java:227)
at org.testng.internal.invokers.MethodRunner.runInSequence(MethodRunner.java:50)
at org.testng.internal.invokers.TestInvoker$MethodInvocationAgent.invoke(TestInvoker.java:957)
at org.testng.internal.invokers.TestInvoker.invokeTestMethods(TestInvoker.java:200)
at org.testng.internal.invokers.TestMethodWorker.invokeTestMethods(TestMethodWorker.java:148)
at org.testng.internal.invokers.TestMethodWorker.run(TestMethodWorker.java:128)
at java.base/java.util.ArrayList.forEach(ArrayList.java:1596)
at org.testng.TestRunner.privateRun(TestRunner.java:848)
at org.testng.TestRunner.run(TestRunner.java:621)
at org.testng.SuiteRunner.runTest(SuiteRunner.java:443)
at org.testng.SuiteRunner.runSequentially(SuiteRunner.java:437)
at org.testng.SuiteRunner.privateRun(SuiteRunner.java:397)
at org.testng.SuiteRunner.run(SuiteRunner.java:336)
at org.testng.SuiteRunnerWorker.runSuite(SuiteRunnerWorker.java:52)
at org.testng.SuiteRunnerWorker.run(SuiteRunnerWorker.java:95)
at org.testng.TestNG.runSuitesSequentially(TestNG.java:1280)
at org.testng.TestNG.runSuitesLocally(TestNG.java:1200)
at org.testng.TestNG.runSuites(TestNG.java:1114)
at org.testng.TestNG.run(TestNG.java:1082)
at org.testng.remote.AbstractRemoteTestNG.run(AbstractRemoteTestNG.java:115)
at org.testng.remote.RemoteTestNG.initAndRun(RemoteTestNG.java:251)
at org.testng.remote.RemoteTestNG.main(RemoteTestNG.java:77)
]]>
    </error>
  </testcase> <!-- login -->
  <testcase classname="skyselect_Maven.skyselect_Maven.Buyer_Order_create" name="order_draft" time="18.933">
    <system-out>
      <![CDATA[Order Dashboard opened
Order Draft Opened]]>
    </system-out>
  </testcase> <!-- order_draft -->
  <testcase classname="skyselect_Maven.skyselect_Maven.Buyer_Order_create" name="order_part" time="7.195">
    <system-out>
      <![CDATA[Part Row:
  → div: PART NUMBER
*
  → span: PART NUMBER
  → div: *
  → input: DK120
  → div: CPO
15071-1
  → div: CPO
  → div: 15071-1
  → div: MFR
  → div: DESCRIPTION
  → input: BOLT
  → div: QTY
*
  → span: QTY
  → input: 5
  → div: UOM
EA
  → div: UOM
  → div: EA
  → div: UNIT PRICE
*
  → span: UNIT PRICE
  → input: 100
  → div: CONDITION
*
New
  → div: CONDITION
*
  → div: New
  → div: SERIAL NUMBER
  → div: SHIP BY DATE
*
Based on quoted LT
  → div: SHIP BY DATE
*
  → input: 2025-07-16
  → div: Based on quoted LT
  → div: NEED BY DATE
*
Past due, based on EDD
  → div: NEED BY DATE
*
  → div: Past due, based on EDD
  → div: REQUISITION NO
  → div: NOTES
  → div: FEES
+
  → div: FEES
  → div: +
  → div: $500.00
Part Data: PART NUMBER
*
CPO
15071-1
MFR
DESCRIPTION
QTY
*
UOM
EA
UNIT PRICE
*
CONDITION
*
New
SERIAL NUMBER
SHIP BY DATE
*
Based on quoted LT
NEED BY DATE
*
Past due, based on EDD
REQUISITION NO
NOTES
FEES
+
 $500.00
 ]]>
    </system-out>
  </testcase> <!-- order_part -->
  <testcase classname="skyselect_Maven.skyselect_Maven.Buyer_Order_create" name="order_draft_old">
    <skipped/>
  </testcase> <!-- order_draft_old -->
  <testcase classname="skyselect_Maven.skyselect_Maven.Buyer_Order_create" name="order_part_old">
    <skipped/>
  </testcase> <!-- order_part_old -->
  <testcase classname="skyselect_Maven.skyselect_Maven.Buyer_Order_create" name="order_draft_header">
    <skipped/>
  </testcase> <!-- order_draft_header -->
  <testcase classname="skyselect_Maven.skyselect_Maven.Buyer_Order_create" name="order_draft_header_old">
    <skipped/>
  </testcase> <!-- order_draft_header_old -->
  <system-out>
    <![CDATA[Order Dashboard opened
Order Draft Opened
Part Row:
  → div: PART NUMBER
*
  → span: PART NUMBER
  → div: *
  → input: DK120
  → div: CPO
15071-1
  → div: CPO
  → div: 15071-1
  → div: MFR
  → div: DESCRIPTION
  → input: BOLT
  → div: QTY
*
  → span: QTY
  → input: 5
  → div: UOM
EA
  → div: UOM
  → div: EA
  → div: UNIT PRICE
*
  → span: UNIT PRICE
  → input: 100
  → div: CONDITION
*
New
  → div: CONDITION
*
  → div: New
  → div: SERIAL NUMBER
  → div: SHIP BY DATE
*
Based on quoted LT
  → div: SHIP BY DATE
*
  → input: 2025-07-16
  → div: Based on quoted LT
  → div: NEED BY DATE
*
Past due, based on EDD
  → div: NEED BY DATE
*
  → div: Past due, based on EDD
  → div: REQUISITION NO
  → div: NOTES
  → div: FEES
+
  → div: FEES
  → div: +
  → div: $500.00
Part Data: PART NUMBER
*
CPO
15071-1
MFR
DESCRIPTION
QTY
*
UOM
EA
UNIT PRICE
*
CONDITION
*
New
SERIAL NUMBER
SHIP BY DATE
*
Based on quoted LT
NEED BY DATE
*
Past due, based on EDD
REQUISITION NO
NOTES
FEES
+
 $500.00
 ]]>
  </system-out>
</testsuite> <!-- skyselect_Maven.skyselect_Maven.Buyer_Order_create -->
