<?xml version="1.0" encoding="UTF-8"?>
<!-- Generated by org.testng.reporters.JUnitReportReporter -->
<testsuite hostname="DESKTOP-6TR1C2V" failures="0" tests="12" name="skyselect_Maven.skyselect_Maven.Buyer_e2e_1" time="143.905" errors="2" timestamp="2025-07-17T15:30:22 IST" skipped="0">
  <testcase classname="skyselect_Maven.skyselect_Maven.Buyer_e2e_1" name="login" time="10.539">
    <error message="no such element: Unable to locate element: {&quot;method&quot;:&quot;xpath&quot;,&quot;selector&quot;:&quot;//input[@placeholder=&#039;Email&#039;]&quot;}
  (Session info: chrome=138.0.7204.101)
For documentation on this error, please visit: https://www.selenium.dev/documentation/webdriver/troubleshooting/errors#no-such-element-exception
Build info: version: &#039;4.16.1&#039;, revision: &#039;9b4c83354e&#039;
System info: os.name: &#039;Windows 11&#039;, os.arch: &#039;amd64&#039;, os.version: &#039;10.0&#039;, java.version: &#039;21&#039;
Driver info: org.openqa.selenium.chrome.ChromeDriver
Command: [9464b92837207591392938f0c1f80d55, findElement {using=xpath, value=//input[@placeholder=&#039;Email&#039;]}]
Capabilities {acceptInsecureCerts: false, browserName: chrome, browserVersion: 138.0.7204.101, chrome: {chromedriverVersion: 138.0.7204.157 (e533e98b126..., userDataDir: C:\Users\RAVI-S~1\AppData\L...}, fedcm:accounts: true, goog:chromeOptions: {debuggerAddress: localhost:65457}, networkConnectionEnabled: false, pageLoadStrategy: normal, platformName: windows, proxy: Proxy(), se:cdp: ws://localhost:65457/devtoo..., se:cdpVersion: 138.0.7204.101, setWindowRect: true, strictFileInteractability: false, timeouts: {implicit: 0, pageLoad: 300000, script: 30000}, unhandledPromptBehavior: dismiss and notify, webauthn:extension:credBlob: true, webauthn:extension:largeBlob: true, webauthn:extension:minPinLength: true, webauthn:extension:prf: true, webauthn:virtualAuthenticators: true}
Session ID: 9464b92837207591392938f0c1f80d55" type="org.openqa.selenium.NoSuchElementException">
      <![CDATA[org.openqa.selenium.NoSuchElementException: no such element: Unable to locate element: {"method":"xpath","selector":"//input[@placeholder='Email']"}
  (Session info: chrome=138.0.7204.101)
For documentation on this error, please visit: https://www.selenium.dev/documentation/webdriver/troubleshooting/errors#no-such-element-exception
Build info: version: '4.16.1', revision: '9b4c83354e'
System info: os.name: 'Windows 11', os.arch: 'amd64', os.version: '10.0', java.version: '21'
Driver info: org.openqa.selenium.chrome.ChromeDriver
Command: [9464b92837207591392938f0c1f80d55, findElement {using=xpath, value=//input[@placeholder='Email']}]
Capabilities {acceptInsecureCerts: false, browserName: chrome, browserVersion: 138.0.7204.101, chrome: {chromedriverVersion: 138.0.7204.157 (e533e98b126..., userDataDir: C:\Users\RAVI-S~1\AppData\L...}, fedcm:accounts: true, goog:chromeOptions: {debuggerAddress: localhost:65457}, networkConnectionEnabled: false, pageLoadStrategy: normal, platformName: windows, proxy: Proxy(), se:cdp: ws://localhost:65457/devtoo..., se:cdpVersion: 138.0.7204.101, setWindowRect: true, strictFileInteractability: false, timeouts: {implicit: 0, pageLoad: 300000, script: 30000}, unhandledPromptBehavior: dismiss and notify, webauthn:extension:credBlob: true, webauthn:extension:largeBlob: true, webauthn:extension:minPinLength: true, webauthn:extension:prf: true, webauthn:virtualAuthenticators: true}
Session ID: 9464b92837207591392938f0c1f80d55
at java.base/jdk.internal.reflect.DirectConstructorHandleAccessor.newInstance(DirectConstructorHandleAccessor.java:62)
at java.base/java.lang.reflect.Constructor.newInstanceWithCaller(Constructor.java:502)
at java.base/java.lang.reflect.Constructor.newInstance(Constructor.java:486)
at org.openqa.selenium.remote.codec.w3c.W3CHttpResponseCodec.createException(W3CHttpResponseCodec.java:200)
at org.openqa.selenium.remote.codec.w3c.W3CHttpResponseCodec.decode(W3CHttpResponseCodec.java:133)
at org.openqa.selenium.remote.codec.w3c.W3CHttpResponseCodec.decode(W3CHttpResponseCodec.java:52)
at org.openqa.selenium.remote.HttpCommandExecutor.execute(HttpCommandExecutor.java:191)
at org.openqa.selenium.remote.service.DriverCommandExecutor.invokeExecute(DriverCommandExecutor.java:200)
at org.openqa.selenium.remote.service.DriverCommandExecutor.execute(DriverCommandExecutor.java:175)
at org.openqa.selenium.remote.RemoteWebDriver.execute(RemoteWebDriver.java:523)
at org.openqa.selenium.remote.ElementLocation$ElementFinder$2.findElement(ElementLocation.java:165)
at org.openqa.selenium.remote.ElementLocation.findElement(ElementLocation.java:59)
at org.openqa.selenium.remote.RemoteWebDriver.findElement(RemoteWebDriver.java:360)
at org.openqa.selenium.remote.RemoteWebDriver.findElement(RemoteWebDriver.java:354)
at skyselect_Maven.skyselect_Maven.BaseTest_Buyer.login(BaseTest_Buyer.java:63)
at java.base/jdk.internal.reflect.DirectMethodHandleAccessor.invoke(DirectMethodHandleAccessor.java:103)
at java.base/java.lang.reflect.Method.invoke(Method.java:580)
at org.testng.internal.invokers.MethodInvocationHelper.invokeMethod(MethodInvocationHelper.java:139)
at org.testng.internal.invokers.TestInvoker.invokeMethod(TestInvoker.java:664)
at org.testng.internal.invokers.TestInvoker.invokeTestMethod(TestInvoker.java:227)
at org.testng.internal.invokers.MethodRunner.runInSequence(MethodRunner.java:50)
at org.testng.internal.invokers.TestInvoker$MethodInvocationAgent.invoke(TestInvoker.java:957)
at org.testng.internal.invokers.TestInvoker.invokeTestMethods(TestInvoker.java:200)
at org.testng.internal.invokers.TestMethodWorker.invokeTestMethods(TestMethodWorker.java:148)
at org.testng.internal.invokers.TestMethodWorker.run(TestMethodWorker.java:128)
at java.base/java.util.ArrayList.forEach(ArrayList.java:1596)
at org.testng.TestRunner.privateRun(TestRunner.java:848)
at org.testng.TestRunner.run(TestRunner.java:621)
at org.testng.SuiteRunner.runTest(SuiteRunner.java:443)
at org.testng.SuiteRunner.runSequentially(SuiteRunner.java:437)
at org.testng.SuiteRunner.privateRun(SuiteRunner.java:397)
at org.testng.SuiteRunner.run(SuiteRunner.java:336)
at org.testng.SuiteRunnerWorker.runSuite(SuiteRunnerWorker.java:52)
at org.testng.SuiteRunnerWorker.run(SuiteRunnerWorker.java:95)
at org.testng.TestNG.runSuitesSequentially(TestNG.java:1280)
at org.testng.TestNG.runSuitesLocally(TestNG.java:1200)
at org.testng.TestNG.runSuites(TestNG.java:1114)
at org.testng.TestNG.run(TestNG.java:1082)
at org.testng.remote.AbstractRemoteTestNG.run(AbstractRemoteTestNG.java:115)
at org.testng.remote.RemoteTestNG.initAndRun(RemoteTestNG.java:251)
at org.testng.remote.RemoteTestNG.main(RemoteTestNG.java:77)
]]>
    </error>
  </testcase> <!-- login -->
  <testcase classname="skyselect_Maven.skyselect_Maven.Buyer_e2e_1" name="create_rfq" time="21.746">
    <system-out>
      <![CDATA[[2025-07-17 15:28:14] New RequestModal open Up
[2025-07-17 15:28:17] Create a request : SkySelect
[2025-07-17 15:28:19] Default Set Qty : 
[2025-07-17 15:28:20] Description added :Test Part
[2025-07-17 15:28:23] DK120
QTY
5
UOM
EA
CERT REQ
-
TRACE REQ
-
LLP REQ
-
DOM/EXP REQ
-
MIN CONDITION
DESCRIPTION
*
BOLT
INTERNAL NOTES
-
NEED BY DATE
-
REQUISITION NUMBER
-
EDIT
PART NUMBER
*
QTY
UOM
EA - Each One
CERT REQ
TRACE REQ
LLP REQ
DOM/EXP REQ
MIN CONDITION
Select
DESCRIPTION
*
INTERNAL NOTES
NEED BY DATE
REQUISITION NUMBER
SAVE This is valid
[2025-07-17 15:28:23] Part Added Successfully :DK120
QTY
5
UOM
EA
CERT REQ
-
TRACE REQ
-
LLP REQ
-
DOM/EXP REQ
-
MIN CONDITION
DESCRIPTION
*
BOLT
INTERNAL NOTES
-
NEED BY DATE
-
REQUISITION NUMBER
-
EDIT
PART NUMBER
*
QTY
UOM
EA - Each One
CERT REQ
TRACE REQ
LLP REQ
DOM/EXP REQ
MIN CONDITION
Select
DESCRIPTION
*
INTERNAL NOTES
NEED BY DATE
REQUISITION NUMBER
SAVE
[2025-07-17 15:28:28]  RFQ Published Successfully
[2025-07-17 15:28:30] RFQ created Successfullyhttps://demo.skyselect.com/db/tender/buyerview/id_2177#bids
[2025-07-17 15:28:30] Extracted ID: 2177#bids]]>
    </system-out>
  </testcase> <!-- create_rfq -->
  <testcase classname="skyselect_Maven.skyselect_Maven.Buyer_e2e_1" name="rfq_verify" time="1.155">
    <system-out>
      <![CDATA[[2025-07-17 15:28:32] #173 ROUTINE RFQ for aircraft TL123 at TLL // REF_123]]>
    </system-out>
  </testcase> <!-- rfq_verify -->
  <testcase classname="skyselect_Maven.skyselect_Maven.Buyer_e2e_1" name="qc_check" time="50.257">
    <system-out>
      <![CDATA[[2025-07-17 15:28:33] https://demo.skyselect.com/db/tender/buyerview/id_2177#bids Opened
[2025-07-17 15:29:21] Tender Published Successfully]]>
    </system-out>
  </testcase> <!-- qc_check -->
  <testcase classname="skyselect_Maven.skyselect_Maven.Buyer_e2e_1" name="qc_action_menu_Verify" time="3.682">
    <system-out>
      <![CDATA[[2025-07-17 15:29:25] DK120
[2025-07-17 15:29:25] Found 9 buttons.
[2025-07-17 15:29:25] Buttons Are : Assign
[2025-07-17 15:29:25] Buttons Are : Edit request
[2025-07-17 15:29:25] Buttons Are : Extend end time
[2025-07-17 15:29:25] Buttons Are : Invite suppliers
[2025-07-17 15:29:25] Buttons Are : Recent activity
[2025-07-17 15:29:25] Buttons Are : Message board
[2025-07-17 15:29:25] Buttons Are : Award selected quotes
[2025-07-17 15:29:25] Buttons Are : Actions
[2025-07-17 15:29:25] Buttons Are : Close quoting]]>
    </system-out>
  </testcase> <!-- qc_action_menu_Verify -->
  <testcase classname="skyselect_Maven.skyselect_Maven.Buyer_e2e_1" name="tab_req_detail" time="7.051">
    <system-out>
      <![CDATA[[2025-07-17 15:29:26] Tender Opened for RFQ detail verify
[2025-07-17 15:29:26] Request Details Open
[2025-07-17 15:29:27] RFQ type
Outright purchases
[2025-07-17 15:29:27] Priority
Routine
[2025-07-17 15:29:28] Buyer
Buyer, Air India
[2025-07-17 15:29:28] Team
[2025-07-17 15:29:29] Folder
Buyer
[2025-07-17 15:29:30] Location
Lennart Meri Tallinn Airport
[2025-07-17 15:29:30] Reference number
REF_123
[2025-07-17 15:29:31] Published
Jul 17, 2025 02:59
[2025-07-17 15:29:31] End time
Jul 18, 2025 03:00
[2025-07-17 15:29:32] Tail number
TL123]]>
    </system-out>
  </testcase> <!-- tab_req_detail -->
  <testcase classname="skyselect_Maven.skyselect_Maven.Buyer_e2e_1" name="quote_verify" time="8.660">
    <system-out>
      <![CDATA[[2025-07-17 15:29:34] PNs Are  Visible
[2025-07-17 15:29:34] Quote row Clicked
[2025-07-17 15:29:34] Total Quote Received: 5
[2025-07-17 15:29:35] Quote is Clicked
[2025-07-17 15:29:35] Quote is from: BEST PART
[ABCD]| Quote Type :This quote is from an exclusive contract catalog
[2025-07-17 15:29:36] Quote is Clicked
[2025-07-17 15:29:37] Quote is from: PROPONENT| Quote Type :This quote is from an exclusive contract catalog
[2025-07-17 15:29:37] Quote is Clicked
[2025-07-17 15:29:38] Quote is from: AIRBUS| Quote Type :This quote is from a price catalog
[2025-07-17 15:29:38] Quote is Clicked
[2025-07-17 15:29:39] Quote is from: AIRBUS| Quote Type :This quote is from a price catalog
[2025-07-17 15:29:40] Quote is Clicked
[2025-07-17 15:29:40] Quote is from: AIRBUS| Quote Type :This quote is from a price catalog
[2025-07-17 15:29:40] Skyselect  Prefered Quote is Available
[2025-07-17 15:29:40] Quote value : $500.00]]>
    </system-out>
  </testcase> <!-- quote_verify -->
  <testcase classname="skyselect_Maven.skyselect_Maven.Buyer_e2e_1" name="Awarding_rfq" time="6.919">
    <system-out>
      <![CDATA[[2025-07-17 15:29:42] Tender Opened for Awarding
[2025-07-17 15:29:42] Scrolled to Award Button
[2025-07-17 15:29:42] Awarding Button Click
[2025-07-17 15:29:48] 1
DK120
REF_123
STOCK
5 EA
1000
EA
5 EA
$100.00
$500.00]]>
    </system-out>
  </testcase> <!-- Awarding_rfq -->
  <testcase classname="skyselect_Maven.skyselect_Maven.Buyer_e2e_1" name="order_draft" time="13.158">
    <system-out>
      <![CDATA[[2025-07-17 15:29:57] Order Dashboard opened
[2025-07-17 15:30:01] Order Draft Opened]]>
    </system-out>
  </testcase> <!-- order_draft -->
  <testcase classname="skyselect_Maven.skyselect_Maven.Buyer_e2e_1" name="order_draft_header" time="15.997">
    <system-out>
      <![CDATA[[2025-07-17 15:30:03] Order type selected
[2025-07-17 15:30:03] Order Type Added :Purchase order
[2025-07-17 15:30:04] Order Priority selected
[2025-07-17 15:30:04] Order Priority AddedRoutine
[2025-07-17 15:30:07] Supplier AddedBest Part
[2025-07-17 15:30:08] Supplier Contact AddedSupplier
[2025-07-17 15:30:09] Ship to Add Added
[2025-07-17 15:30:10] Final Dest Added
[2025-07-17 15:30:11] Tail No Added
[2025-07-17 15:30:12] Tail No Added
[2025-07-17 15:30:12] Remarks Added
[2025-07-17 15:30:13] Remark Added
[2025-07-17 15:30:13] Notes Added
[2025-07-17 15:30:14] Notes added
[2025-07-17 15:30:15] Already there
[2025-07-17 15:30:17] Already there]]>
    </system-out>
  </testcase> <!-- order_draft_header -->
  <testcase classname="skyselect_Maven.skyselect_Maven.Buyer_e2e_1" name="order_part" time="4.144">
    <system-out>
      <![CDATA[[2025-07-17 15:30:18] PART NUMBER
*
CPO
15071-1
MFR
DESCRIPTION
QTY
*
UOM
EA
UNIT PRICE
*
CONDITION
*
New
SERIAL NUMBER
SHIP BY DATE
*
Date closer than estimated LT
NEED BY DATE
*
Past due, based on EDD
REQUISITION NO
NOTES
FEES
+
 $500.00
 
[2025-07-17 15:30:18] Found 1 Part Row(s).
[2025-07-17 15:30:18] Part Row:
[2025-07-17 15:30:18]   → div: PART NUMBER
*
[2025-07-17 15:30:18]   → span: PART NUMBER
[2025-07-17 15:30:18]   → div: *
[2025-07-17 15:30:18]   → input: DK120
[2025-07-17 15:30:19]   → div: CPO
15071-1
[2025-07-17 15:30:19]   → div: CPO
[2025-07-17 15:30:19]   → div: 15071-1
[2025-07-17 15:30:19]   → div: MFR
[2025-07-17 15:30:19]   → div: DESCRIPTION
[2025-07-17 15:30:19]   → input: BOLT
[2025-07-17 15:30:19]   → div: QTY
*
[2025-07-17 15:30:19]   → span: QTY
[2025-07-17 15:30:19]   → input: 5
[2025-07-17 15:30:19]   → div: UOM
EA
[2025-07-17 15:30:19]   → div: UOM
[2025-07-17 15:30:19]   → div: EA
[2025-07-17 15:30:19]   → div: UNIT PRICE
*
[2025-07-17 15:30:19]   → span: UNIT PRICE
[2025-07-17 15:30:19]   → input: 100
[2025-07-17 15:30:19]   → div: CONDITION
*
New
[2025-07-17 15:30:19]   → div: CONDITION
*
[2025-07-17 15:30:19]   → div: New
[2025-07-17 15:30:20]   → div: SERIAL NUMBER
[2025-07-17 15:30:20]   → div: SHIP BY DATE
*
Date closer than estimated LT
[2025-07-17 15:30:20]   → div: SHIP BY DATE
*
[2025-07-17 15:30:20]   → input: 2025-07-16
[2025-07-17 15:30:20]   → div: Date closer than estimated LT
[2025-07-17 15:30:20]   → div: NEED BY DATE
*
Past due, based on EDD
[2025-07-17 15:30:20]   → div: NEED BY DATE
*
[2025-07-17 15:30:20]   → div: Past due, based on EDD
[2025-07-17 15:30:20]   → div: REQUISITION NO
[2025-07-17 15:30:20]   → div: NOTES
[2025-07-17 15:30:20]   → div: FEES
+
[2025-07-17 15:30:20]   → div: FEES
[2025-07-17 15:30:20]   → div: +
[2025-07-17 15:30:21]   → div: $500.00]]>
    </system-out>
  </testcase> <!-- order_part -->
  <testcase classname="skyselect_Maven.skyselect_Maven.Buyer_e2e_1" name="order_Publish" time="0.597">
    <error message="Cannot invoke &quot;org.openqa.selenium.WebDriver.findElement(org.openqa.selenium.By)&quot; because &quot;this.driver&quot; is null" type="java.lang.NullPointerException">
      <![CDATA[java.lang.NullPointerException: Cannot invoke "org.openqa.selenium.WebDriver.findElement(org.openqa.selenium.By)" because "this.driver" is null
at skyselect_Maven.skyselect_Maven.utilities.body_Click(utilities.java:80)
at skyselect_Maven.skyselect_Maven.Buyer_e2e_1.order_Publish(Buyer_e2e_1.java:609)
at java.base/jdk.internal.reflect.DirectMethodHandleAccessor.invoke(DirectMethodHandleAccessor.java:103)
at java.base/java.lang.reflect.Method.invoke(Method.java:580)
at org.testng.internal.invokers.MethodInvocationHelper.invokeMethod(MethodInvocationHelper.java:139)
at org.testng.internal.invokers.TestInvoker.invokeMethod(TestInvoker.java:664)
at org.testng.internal.invokers.TestInvoker.invokeTestMethod(TestInvoker.java:227)
at org.testng.internal.invokers.MethodRunner.runInSequence(MethodRunner.java:50)
at org.testng.internal.invokers.TestInvoker$MethodInvocationAgent.invoke(TestInvoker.java:957)
at org.testng.internal.invokers.TestInvoker.invokeTestMethods(TestInvoker.java:200)
at org.testng.internal.invokers.TestMethodWorker.invokeTestMethods(TestMethodWorker.java:148)
at org.testng.internal.invokers.TestMethodWorker.run(TestMethodWorker.java:128)
at java.base/java.util.ArrayList.forEach(ArrayList.java:1596)
at org.testng.TestRunner.privateRun(TestRunner.java:848)
at org.testng.TestRunner.run(TestRunner.java:621)
at org.testng.SuiteRunner.runTest(SuiteRunner.java:443)
at org.testng.SuiteRunner.runSequentially(SuiteRunner.java:437)
at org.testng.SuiteRunner.privateRun(SuiteRunner.java:397)
at org.testng.SuiteRunner.run(SuiteRunner.java:336)
at org.testng.SuiteRunnerWorker.runSuite(SuiteRunnerWorker.java:52)
at org.testng.SuiteRunnerWorker.run(SuiteRunnerWorker.java:95)
at org.testng.TestNG.runSuitesSequentially(TestNG.java:1280)
at org.testng.TestNG.runSuitesLocally(TestNG.java:1200)
at org.testng.TestNG.runSuites(TestNG.java:1114)
at org.testng.TestNG.run(TestNG.java:1082)
at org.testng.remote.AbstractRemoteTestNG.run(AbstractRemoteTestNG.java:115)
at org.testng.remote.RemoteTestNG.initAndRun(RemoteTestNG.java:251)
at org.testng.remote.RemoteTestNG.main(RemoteTestNG.java:77)
]]>
    </error>
  </testcase> <!-- order_Publish -->
  <system-out>
    <![CDATA[[2025-07-17 15:28:14] New RequestModal open Up
[2025-07-17 15:28:17] Create a request : SkySelect
[2025-07-17 15:28:19] Default Set Qty : 
[2025-07-17 15:28:20] Description added :Test Part
[2025-07-17 15:28:23] DK120
QTY
5
UOM
EA
CERT REQ
-
TRACE REQ
-
LLP REQ
-
DOM/EXP REQ
-
MIN CONDITION
DESCRIPTION
*
BOLT
INTERNAL NOTES
-
NEED BY DATE
-
REQUISITION NUMBER
-
EDIT
PART NUMBER
*
QTY
UOM
EA - Each One
CERT REQ
TRACE REQ
LLP REQ
DOM/EXP REQ
MIN CONDITION
Select
DESCRIPTION
*
INTERNAL NOTES
NEED BY DATE
REQUISITION NUMBER
SAVE This is valid
[2025-07-17 15:28:23] Part Added Successfully :DK120
QTY
5
UOM
EA
CERT REQ
-
TRACE REQ
-
LLP REQ
-
DOM/EXP REQ
-
MIN CONDITION
DESCRIPTION
*
BOLT
INTERNAL NOTES
-
NEED BY DATE
-
REQUISITION NUMBER
-
EDIT
PART NUMBER
*
QTY
UOM
EA - Each One
CERT REQ
TRACE REQ
LLP REQ
DOM/EXP REQ
MIN CONDITION
Select
DESCRIPTION
*
INTERNAL NOTES
NEED BY DATE
REQUISITION NUMBER
SAVE
[2025-07-17 15:28:28]  RFQ Published Successfully
[2025-07-17 15:28:30] RFQ created Successfullyhttps://demo.skyselect.com/db/tender/buyerview/id_2177#bids
[2025-07-17 15:28:30] Extracted ID: 2177#bids
[2025-07-17 15:28:32] #173 ROUTINE RFQ for aircraft TL123 at TLL // REF_123
[2025-07-17 15:28:33] https://demo.skyselect.com/db/tender/buyerview/id_2177#bids Opened
[2025-07-17 15:29:21] Tender Published Successfully
[2025-07-17 15:29:25] DK120
[2025-07-17 15:29:25] Found 9 buttons.
[2025-07-17 15:29:25] Buttons Are : Assign
[2025-07-17 15:29:25] Buttons Are : Edit request
[2025-07-17 15:29:25] Buttons Are : Extend end time
[2025-07-17 15:29:25] Buttons Are : Invite suppliers
[2025-07-17 15:29:25] Buttons Are : Recent activity
[2025-07-17 15:29:25] Buttons Are : Message board
[2025-07-17 15:29:25] Buttons Are : Award selected quotes
[2025-07-17 15:29:25] Buttons Are : Actions
[2025-07-17 15:29:25] Buttons Are : Close quoting
[2025-07-17 15:29:26] Tender Opened for RFQ detail verify
[2025-07-17 15:29:26] Request Details Open
[2025-07-17 15:29:27] RFQ type
Outright purchases
[2025-07-17 15:29:27] Priority
Routine
[2025-07-17 15:29:28] Buyer
Buyer, Air India
[2025-07-17 15:29:28] Team
[2025-07-17 15:29:29] Folder
Buyer
[2025-07-17 15:29:30] Location
Lennart Meri Tallinn Airport
[2025-07-17 15:29:30] Reference number
REF_123
[2025-07-17 15:29:31] Published
Jul 17, 2025 02:59
[2025-07-17 15:29:31] End time
Jul 18, 2025 03:00
[2025-07-17 15:29:32] Tail number
TL123
[2025-07-17 15:29:34] PNs Are  Visible
[2025-07-17 15:29:34] Quote row Clicked
[2025-07-17 15:29:34] Total Quote Received: 5
[2025-07-17 15:29:35] Quote is Clicked
[2025-07-17 15:29:35] Quote is from: BEST PART
[ABCD]| Quote Type :This quote is from an exclusive contract catalog
[2025-07-17 15:29:36] Quote is Clicked
[2025-07-17 15:29:37] Quote is from: PROPONENT| Quote Type :This quote is from an exclusive contract catalog
[2025-07-17 15:29:37] Quote is Clicked
[2025-07-17 15:29:38] Quote is from: AIRBUS| Quote Type :This quote is from a price catalog
[2025-07-17 15:29:38] Quote is Clicked
[2025-07-17 15:29:39] Quote is from: AIRBUS| Quote Type :This quote is from a price catalog
[2025-07-17 15:29:40] Quote is Clicked
[2025-07-17 15:29:40] Quote is from: AIRBUS| Quote Type :This quote is from a price catalog
[2025-07-17 15:29:40] Skyselect  Prefered Quote is Available
[2025-07-17 15:29:40] Quote value : $500.00
[2025-07-17 15:29:42] Tender Opened for Awarding
[2025-07-17 15:29:42] Scrolled to Award Button
[2025-07-17 15:29:42] Awarding Button Click
[2025-07-17 15:29:48] 1
DK120
REF_123
STOCK
5 EA
1000
EA
5 EA
$100.00
$500.00
[2025-07-17 15:29:57] Order Dashboard opened
[2025-07-17 15:30:01] Order Draft Opened
[2025-07-17 15:30:03] Order type selected
[2025-07-17 15:30:03] Order Type Added :Purchase order
[2025-07-17 15:30:04] Order Priority selected
[2025-07-17 15:30:04] Order Priority AddedRoutine
[2025-07-17 15:30:07] Supplier AddedBest Part
[2025-07-17 15:30:08] Supplier Contact AddedSupplier
[2025-07-17 15:30:09] Ship to Add Added
[2025-07-17 15:30:10] Final Dest Added
[2025-07-17 15:30:11] Tail No Added
[2025-07-17 15:30:12] Tail No Added
[2025-07-17 15:30:12] Remarks Added
[2025-07-17 15:30:13] Remark Added
[2025-07-17 15:30:13] Notes Added
[2025-07-17 15:30:14] Notes added
[2025-07-17 15:30:15] Already there
[2025-07-17 15:30:17] Already there
[2025-07-17 15:30:18] PART NUMBER
*
CPO
15071-1
MFR
DESCRIPTION
QTY
*
UOM
EA
UNIT PRICE
*
CONDITION
*
New
SERIAL NUMBER
SHIP BY DATE
*
Date closer than estimated LT
NEED BY DATE
*
Past due, based on EDD
REQUISITION NO
NOTES
FEES
+
 $500.00
 
[2025-07-17 15:30:18] Found 1 Part Row(s).
[2025-07-17 15:30:18] Part Row:
[2025-07-17 15:30:18]   → div: PART NUMBER
*
[2025-07-17 15:30:18]   → span: PART NUMBER
[2025-07-17 15:30:18]   → div: *
[2025-07-17 15:30:18]   → input: DK120
[2025-07-17 15:30:19]   → div: CPO
15071-1
[2025-07-17 15:30:19]   → div: CPO
[2025-07-17 15:30:19]   → div: 15071-1
[2025-07-17 15:30:19]   → div: MFR
[2025-07-17 15:30:19]   → div: DESCRIPTION
[2025-07-17 15:30:19]   → input: BOLT
[2025-07-17 15:30:19]   → div: QTY
*
[2025-07-17 15:30:19]   → span: QTY
[2025-07-17 15:30:19]   → input: 5
[2025-07-17 15:30:19]   → div: UOM
EA
[2025-07-17 15:30:19]   → div: UOM
[2025-07-17 15:30:19]   → div: EA
[2025-07-17 15:30:19]   → div: UNIT PRICE
*
[2025-07-17 15:30:19]   → span: UNIT PRICE
[2025-07-17 15:30:19]   → input: 100
[2025-07-17 15:30:19]   → div: CONDITION
*
New
[2025-07-17 15:30:19]   → div: CONDITION
*
[2025-07-17 15:30:19]   → div: New
[2025-07-17 15:30:20]   → div: SERIAL NUMBER
[2025-07-17 15:30:20]   → div: SHIP BY DATE
*
Date closer than estimated LT
[2025-07-17 15:30:20]   → div: SHIP BY DATE
*
[2025-07-17 15:30:20]   → input: 2025-07-16
[2025-07-17 15:30:20]   → div: Date closer than estimated LT
[2025-07-17 15:30:20]   → div: NEED BY DATE
*
Past due, based on EDD
[2025-07-17 15:30:20]   → div: NEED BY DATE
*
[2025-07-17 15:30:20]   → div: Past due, based on EDD
[2025-07-17 15:30:20]   → div: REQUISITION NO
[2025-07-17 15:30:20]   → div: NOTES
[2025-07-17 15:30:20]   → div: FEES
+
[2025-07-17 15:30:20]   → div: FEES
[2025-07-17 15:30:20]   → div: +
[2025-07-17 15:30:21]   → div: $500.00]]>
  </system-out>
</testsuite> <!-- skyselect_Maven.skyselect_Maven.Buyer_e2e_1 -->
